<?xml version="1.0" encoding="UTF-8"?>
<testsuite xmlns:xsi="http://www.w3.org/2001/XMLSchema-instance" xsi:noNamespaceSchemaLocation="https://maven.apache.org/surefire/maven-surefire-plugin/xsd/surefire-test-report-3.0.xsd" version="3.0" name="meth.actions.MathActionsTest" time="0.067" tests="6" errors="0" skipped="0" failures="0">
  <properties>
    <property name="java.specification.version" value="19"/>
    <property name="sun.cpu.isalist" value="amd64"/>
    <property name="sun.jnu.encoding" value="Cp1251"/>
    <property name="java.class.path" value="C:\Users\viktor.bibik\IdeaProjects\Hilley\Group_21.10.2022\HomeWorks\HW_22\target\test-classes;C:\Users\viktor.bibik\IdeaProjects\Hilley\Group_21.10.2022\HomeWorks\HW_22\target\classes;C:\Users\viktor.bibik\.m2\repository\org\junit\jupiter\junit-jupiter-api\5.9.2\junit-jupiter-api-5.9.2.jar;C:\Users\viktor.bibik\.m2\repository\org\opentest4j\opentest4j\1.2.0\opentest4j-1.2.0.jar;C:\Users\viktor.bibik\.m2\repository\org\junit\platform\junit-platform-commons\1.9.2\junit-platform-commons-1.9.2.jar;C:\Users\viktor.bibik\.m2\repository\org\apiguardian\apiguardian-api\1.1.2\apiguardian-api-1.1.2.jar;C:\Users\viktor.bibik\.m2\repository\org\apache\maven\plugins\maven-site-plugin\4.0.0-M5\maven-site-plugin-4.0.0-M5.jar;C:\Users\viktor.bibik\.m2\repository\org\apache\maven\reporting\maven-reporting-api\4.0.0-M4\maven-reporting-api-4.0.0-M4.jar;C:\Users\viktor.bibik\.m2\repository\org\apache\maven\reporting\maven-reporting-exec\2.0.0-M4\maven-reporting-exec-2.0.0-M4.jar;C:\Users\viktor.bibik\.m2\repository\org\apache\maven\maven-artifact\3.2.5\maven-artifact-3.2.5.jar;C:\Users\viktor.bibik\.m2\repository\org\apache\maven\maven-core\3.2.5\maven-core-3.2.5.jar;C:\Users\viktor.bibik\.m2\repository\org\apache\maven\maven-repository-metadata\3.2.5\maven-repository-metadata-3.2.5.jar;C:\Users\viktor.bibik\.m2\repository\org\apache\maven\maven-model-builder\3.2.5\maven-model-builder-3.2.5.jar;C:\Users\viktor.bibik\.m2\repository\org\apache\maven\maven-aether-provider\3.2.5\maven-aether-provider-3.2.5.jar;C:\Users\viktor.bibik\.m2\repository\org\eclipse\aether\aether-spi\1.0.0.v20140518\aether-spi-1.0.0.v20140518.jar;C:\Users\viktor.bibik\.m2\repository\org\eclipse\aether\aether-impl\1.0.0.v20140518\aether-impl-1.0.0.v20140518.jar;C:\Users\viktor.bibik\.m2\repository\org\sonatype\sisu\sisu-guice\3.2.3\sisu-guice-3.2.3-no_aop.jar;C:\Users\viktor.bibik\.m2\repository\aopalliance\aopalliance\1.0\aopalliance-1.0.jar;C:\Users\viktor.bibik\.m2\repository\com\google\guava\guava\16.0.1\guava-16.0.1.jar;C:\Users\viktor.bibik\.m2\repository\org\codehaus\plexus\plexus-component-annotations\1.5.5\plexus-component-annotations-1.5.5.jar;C:\Users\viktor.bibik\.m2\repository\org\sonatype\plexus\plexus-sec-dispatcher\1.3\plexus-sec-dispatcher-1.3.jar;C:\Users\viktor.bibik\.m2\repository\org\sonatype\plexus\plexus-cipher\1.4\plexus-cipher-1.4.jar;C:\Users\viktor.bibik\.m2\repository\org\apache\maven\maven-model\3.2.5\maven-model-3.2.5.jar;C:\Users\viktor.bibik\.m2\repository\org\apache\maven\maven-plugin-api\3.2.5\maven-plugin-api-3.2.5.jar;C:\Users\viktor.bibik\.m2\repository\org\apache\maven\maven-settings\3.2.5\maven-settings-3.2.5.jar;C:\Users\viktor.bibik\.m2\repository\org\apache\maven\maven-settings-builder\3.2.5\maven-settings-builder-3.2.5.jar;C:\Users\viktor.bibik\.m2\repository\org\slf4j\slf4j-api\1.7.36\slf4j-api-1.7.36.jar;C:\Users\viktor.bibik\.m2\repository\javax\inject\javax.inject\1\javax.inject-1.jar;C:\Users\viktor.bibik\.m2\repository\org\eclipse\aether\aether-api\1.0.0.v20140518\aether-api-1.0.0.v20140518.jar;C:\Users\viktor.bibik\.m2\repository\org\codehaus\plexus\plexus-classworlds\2.6.0\plexus-classworlds-2.6.0.jar;C:\Users\viktor.bibik\.m2\repository\org\apache\maven\shared\maven-shared-utils\3.3.4\maven-shared-utils-3.3.4.jar;C:\Users\viktor.bibik\.m2\repository\commons-io\commons-io\2.6\commons-io-2.6.jar;C:\Users\viktor.bibik\.m2\repository\org\apache\maven\maven-archiver\3.6.0\maven-archiver-3.6.0.jar;C:\Users\viktor.bibik\.m2\repository\org\codehaus\plexus\plexus-io\3.4.0\plexus-io-3.4.0.jar;C:\Users\viktor.bibik\.m2\repository\org\codehaus\plexus\plexus-interpolation\1.26\plexus-interpolation-1.26.jar;C:\Users\viktor.bibik\.m2\repository\org\codehaus\plexus\plexus-archiver\4.6.1\plexus-archiver-4.6.1.jar;C:\Users\viktor.bibik\.m2\repository\org\apache\commons\commons-compress\1.22\commons-compress-1.22.jar;C:\Users\viktor.bibik\.m2\repository\org\iq80\snappy\snappy\0.4\snappy-0.4.jar;C:\Users\viktor.bibik\.m2\repository\org\tukaani\xz\1.9\xz-1.9.jar;C:\Users\viktor.bibik\.m2\repository\com\github\luben\zstd-jni\1.5.2-5\zstd-jni-1.5.2-5.jar;C:\Users\viktor.bibik\.m2\repository\org\codehaus\plexus\plexus-i18n\1.0-beta-10\plexus-i18n-1.0-beta-10.jar;C:\Users\viktor.bibik\.m2\repository\org\codehaus\plexus\plexus-utils\3.5.0\plexus-utils-3.5.0.jar;C:\Users\viktor.bibik\.m2\repository\org\apache\maven\doxia\doxia-sink-api\2.0.0-M5\doxia-sink-api-2.0.0-M5.jar;C:\Users\viktor.bibik\.m2\repository\org\apache\maven\doxia\doxia-core\2.0.0-M5\doxia-core-2.0.0-M5.jar;C:\Users\viktor.bibik\.m2\repository\org\eclipse\sisu\org.eclipse.sisu.plexus\0.3.5\org.eclipse.sisu.plexus-0.3.5.jar;C:\Users\viktor.bibik\.m2\repository\javax\annotation\javax.annotation-api\1.2\javax.annotation-api-1.2.jar;C:\Users\viktor.bibik\.m2\repository\javax\enterprise\cdi-api\1.2\cdi-api-1.2.jar;C:\Users\viktor.bibik\.m2\repository\org\eclipse\sisu\org.eclipse.sisu.inject\0.3.5\org.eclipse.sisu.inject-0.3.5.jar;C:\Users\viktor.bibik\.m2\repository\org\apache\commons\commons-text\1.9\commons-text-1.9.jar;C:\Users\viktor.bibik\.m2\repository\org\apache\maven\doxia\doxia-module-xhtml5\2.0.0-M5\doxia-module-xhtml5-2.0.0-M5.jar;C:\Users\viktor.bibik\.m2\repository\org\apache\maven\doxia\doxia-module-apt\2.0.0-M5\doxia-module-apt-2.0.0-M5.jar;C:\Users\viktor.bibik\.m2\repository\org\apache\maven\doxia\doxia-module-xdoc\2.0.0-M5\doxia-module-xdoc-2.0.0-M5.jar;C:\Users\viktor.bibik\.m2\repository\org\apache\maven\doxia\doxia-module-fml\2.0.0-M5\doxia-module-fml-2.0.0-M5.jar;C:\Users\viktor.bibik\.m2\repository\org\apache\maven\doxia\doxia-module-markdown\2.0.0-M5\doxia-module-markdown-2.0.0-M5.jar;C:\Users\viktor.bibik\.m2\repository\com\vladsch\flexmark\flexmark\0.62.2\flexmark-0.62.2.jar;C:\Users\viktor.bibik\.m2\repository\com\vladsch\flexmark\flexmark-util-ast\0.62.2\flexmark-util-ast-0.62.2.jar;C:\Users\viktor.bibik\.m2\repository\com\vladsch\flexmark\flexmark-util-builder\0.62.2\flexmark-util-builder-0.62.2.jar;C:\Users\viktor.bibik\.m2\repository\com\vladsch\flexmark\flexmark-util-collection\0.62.2\flexmark-util-collection-0.62.2.jar;C:\Users\viktor.bibik\.m2\repository\com\vladsch\flexmark\flexmark-util-data\0.62.2\flexmark-util-data-0.62.2.jar;C:\Users\viktor.bibik\.m2\repository\com\vladsch\flexmark\flexmark-util-dependency\0.62.2\flexmark-util-dependency-0.62.2.jar;C:\Users\viktor.bibik\.m2\repository\com\vladsch\flexmark\flexmark-util-format\0.62.2\flexmark-util-format-0.62.2.jar;C:\Users\viktor.bibik\.m2\repository\com\vladsch\flexmark\flexmark-util-html\0.62.2\flexmark-util-html-0.62.2.jar;C:\Users\viktor.bibik\.m2\repository\com\vladsch\flexmark\flexmark-util-misc\0.62.2\flexmark-util-misc-0.62.2.jar;C:\Users\viktor.bibik\.m2\repository\com\vladsch\flexmark\flexmark-util-sequence\0.62.2\flexmark-util-sequence-0.62.2.jar;C:\Users\viktor.bibik\.m2\repository\com\vladsch\flexmark\flexmark-util-visitor\0.62.2\flexmark-util-visitor-0.62.2.jar;C:\Users\viktor.bibik\.m2\repository\com\vladsch\flexmark\flexmark-util\0.62.2\flexmark-util-0.62.2.jar;C:\Users\viktor.bibik\.m2\repository\com\vladsch\flexmark\flexmark-util-options\0.62.2\flexmark-util-options-0.62.2.jar;C:\Users\viktor.bibik\.m2\repository\com\vladsch\flexmark\flexmark-ext-abbreviation\0.62.2\flexmark-ext-abbreviation-0.62.2.jar;C:\Users\viktor.bibik\.m2\repository\com\vladsch\flexmark\flexmark-ext-autolink\0.62.2\flexmark-ext-autolink-0.62.2.jar;C:\Users\viktor.bibik\.m2\repository\org\nibor\autolink\autolink\0.6.0\autolink-0.6.0.jar;C:\Users\viktor.bibik\.m2\repository\com\vladsch\flexmark\flexmark-ext-definition\0.62.2\flexmark-ext-definition-0.62.2.jar;C:\Users\viktor.bibik\.m2\repository\com\vladsch\flexmark\flexmark-ext-escaped-character\0.62.2\flexmark-ext-escaped-character-0.62.2.jar;C:\Users\viktor.bibik\.m2\repository\com\vladsch\flexmark\flexmark-ext-gfm-strikethrough\0.62.2\flexmark-ext-gfm-strikethrough-0.62.2.jar;C:\Users\viktor.bibik\.m2\repository\com\vladsch\flexmark\flexmark-ext-tables\0.62.2\flexmark-ext-tables-0.62.2.jar;C:\Users\viktor.bibik\.m2\repository\com\vladsch\flexmark\flexmark-ext-typographic\0.62.2\flexmark-ext-typographic-0.62.2.jar;C:\Users\viktor.bibik\.m2\repository\com\vladsch\flexmark\flexmark-ext-wikilink\0.62.2\flexmark-ext-wikilink-0.62.2.jar;C:\Users\viktor.bibik\.m2\repository\org\jetbrains\annotations\15.0\annotations-15.0.jar;C:\Users\viktor.bibik\.m2\repository\org\apache\maven\doxia\doxia-decoration-model\2.0.0-M5\doxia-decoration-model-2.0.0-M5.jar;C:\Users\viktor.bibik\.m2\repository\org\apache\maven\doxia\doxia-site-renderer\2.0.0-M5\doxia-site-renderer-2.0.0-M5.jar;C:\Users\viktor.bibik\.m2\repository\org\apache\maven\doxia\doxia-skin-model\2.0.0-M5\doxia-skin-model-2.0.0-M5.jar;C:\Users\viktor.bibik\.m2\repository\org\codehaus\plexus\plexus-velocity\2.0\plexus-velocity-2.0.jar;C:\Users\viktor.bibik\.m2\repository\org\apache\velocity\velocity-engine-core\2.3\velocity-engine-core-2.3.jar;C:\Users\viktor.bibik\.m2\repository\org\apache\velocity\tools\velocity-tools-generic\3.1\velocity-tools-generic-3.1.jar;C:\Users\viktor.bibik\.m2\repository\commons-beanutils\commons-beanutils\1.9.4\commons-beanutils-1.9.4.jar;C:\Users\viktor.bibik\.m2\repository\commons-logging\commons-logging\1.2\commons-logging-1.2.jar;C:\Users\viktor.bibik\.m2\repository\commons-collections\commons-collections\3.2.2\commons-collections-3.2.2.jar;C:\Users\viktor.bibik\.m2\repository\org\apache\commons\commons-digester3\3.2\commons-digester3-3.2.jar;C:\Users\viktor.bibik\.m2\repository\com\github\cliftonlabs\json-simple\3.0.2\json-simple-3.0.2.jar;C:\Users\viktor.bibik\.m2\repository\org\apache\commons\commons-lang3\3.12.0\commons-lang3-3.12.0.jar;C:\Users\viktor.bibik\.m2\repository\org\apache\maven\doxia\doxia-integration-tools\2.0.0-M5\doxia-integration-tools-2.0.0-M5.jar;C:\Users\viktor.bibik\.m2\repository\org\eclipse\jetty\jetty-server\9.4.50.v20221201\jetty-server-9.4.50.v20221201.jar;C:\Users\viktor.bibik\.m2\repository\javax\servlet\javax.servlet-api\3.1.0\javax.servlet-api-3.1.0.jar;C:\Users\viktor.bibik\.m2\repository\org\eclipse\jetty\jetty-io\9.4.50.v20221201\jetty-io-9.4.50.v20221201.jar;C:\Users\viktor.bibik\.m2\repository\org\eclipse\jetty\jetty-http\9.4.50.v20221201\jetty-http-9.4.50.v20221201.jar;C:\Users\viktor.bibik\.m2\repository\org\eclipse\jetty\jetty-servlet\9.4.50.v20221201\jetty-servlet-9.4.50.v20221201.jar;C:\Users\viktor.bibik\.m2\repository\org\eclipse\jetty\jetty-security\9.4.50.v20221201\jetty-security-9.4.50.v20221201.jar;C:\Users\viktor.bibik\.m2\repository\org\eclipse\jetty\jetty-util-ajax\9.4.50.v20221201\jetty-util-ajax-9.4.50.v20221201.jar;C:\Users\viktor.bibik\.m2\repository\org\eclipse\jetty\jetty-webapp\9.4.50.v20221201\jetty-webapp-9.4.50.v20221201.jar;C:\Users\viktor.bibik\.m2\repository\org\eclipse\jetty\jetty-xml\9.4.50.v20221201\jetty-xml-9.4.50.v20221201.jar;C:\Users\viktor.bibik\.m2\repository\org\eclipse\jetty\jetty-util\9.4.50.v20221201\jetty-util-9.4.50.v20221201.jar;C:\Users\viktor.bibik\.m2\repository\org\apache\maven\plugins\maven-deploy-plugin\3.1.0\maven-deploy-plugin-3.1.0.jar;C:\Users\viktor.bibik\.m2\repository\org\eclipse\aether\aether-util\1.0.0.v20140518\aether-util-1.0.0.v20140518.jar;"/>
    <property name="java.vm.vendor" value="Oracle Corporation"/>
    <property name="sun.arch.data.model" value="64"/>
    <property name="user.variant" value=""/>
    <property name="java.vendor.url" value="https://java.oracle.com/"/>
    <property name="user.timezone" value="Europe/Kiev"/>
    <property name="user.country.format" value="UA"/>
    <property name="os.name" value="Windows 10"/>
    <property name="java.vm.specification.version" value="19"/>
    <property name="sun.java.launcher" value="SUN_STANDARD"/>
    <property name="user.country" value="RU"/>
    <property name="sun.boot.library.path" value="C:\Program Files\Java\jdk-19\bin"/>
    <property name="sun.java.command" value="C:\Users\viktor.bibik\AppData\Local\Temp\surefire265104077093519770\surefirebooter-20230225232155080_3.jar C:\Users\viktor.bibik\AppData\Local\Temp\surefire265104077093519770 2023-02-25T23-21-54_688-jvmRun1 surefire-20230225232155080_1tmp surefire_0-20230225232155080_2tmp"/>
    <property name="jdk.debug" value="release"/>
    <property name="surefire.test.class.path" value="C:\Users\viktor.bibik\IdeaProjects\Hilley\Group_21.10.2022\HomeWorks\HW_22\target\test-classes;C:\Users\viktor.bibik\IdeaProjects\Hilley\Group_21.10.2022\HomeWorks\HW_22\target\classes;C:\Users\viktor.bibik\.m2\repository\org\junit\jupiter\junit-jupiter-api\5.9.2\junit-jupiter-api-5.9.2.jar;C:\Users\viktor.bibik\.m2\repository\org\opentest4j\opentest4j\1.2.0\opentest4j-1.2.0.jar;C:\Users\viktor.bibik\.m2\repository\org\junit\platform\junit-platform-commons\1.9.2\junit-platform-commons-1.9.2.jar;C:\Users\viktor.bibik\.m2\repository\org\apiguardian\apiguardian-api\1.1.2\apiguardian-api-1.1.2.jar;C:\Users\viktor.bibik\.m2\repository\org\apache\maven\plugins\maven-site-plugin\4.0.0-M5\maven-site-plugin-4.0.0-M5.jar;C:\Users\viktor.bibik\.m2\repository\org\apache\maven\reporting\maven-reporting-api\4.0.0-M4\maven-reporting-api-4.0.0-M4.jar;C:\Users\viktor.bibik\.m2\repository\org\apache\maven\reporting\maven-reporting-exec\2.0.0-M4\maven-reporting-exec-2.0.0-M4.jar;C:\Users\viktor.bibik\.m2\repository\org\apache\maven\maven-artifact\3.2.5\maven-artifact-3.2.5.jar;C:\Users\viktor.bibik\.m2\repository\org\apache\maven\maven-core\3.2.5\maven-core-3.2.5.jar;C:\Users\viktor.bibik\.m2\repository\org\apache\maven\maven-repository-metadata\3.2.5\maven-repository-metadata-3.2.5.jar;C:\Users\viktor.bibik\.m2\repository\org\apache\maven\maven-model-builder\3.2.5\maven-model-builder-3.2.5.jar;C:\Users\viktor.bibik\.m2\repository\org\apache\maven\maven-aether-provider\3.2.5\maven-aether-provider-3.2.5.jar;C:\Users\viktor.bibik\.m2\repository\org\eclipse\aether\aether-spi\1.0.0.v20140518\aether-spi-1.0.0.v20140518.jar;C:\Users\viktor.bibik\.m2\repository\org\eclipse\aether\aether-impl\1.0.0.v20140518\aether-impl-1.0.0.v20140518.jar;C:\Users\viktor.bibik\.m2\repository\org\sonatype\sisu\sisu-guice\3.2.3\sisu-guice-3.2.3-no_aop.jar;C:\Users\viktor.bibik\.m2\repository\aopalliance\aopalliance\1.0\aopalliance-1.0.jar;C:\Users\viktor.bibik\.m2\repository\com\google\guava\guava\16.0.1\guava-16.0.1.jar;C:\Users\viktor.bibik\.m2\repository\org\codehaus\plexus\plexus-component-annotations\1.5.5\plexus-component-annotations-1.5.5.jar;C:\Users\viktor.bibik\.m2\repository\org\sonatype\plexus\plexus-sec-dispatcher\1.3\plexus-sec-dispatcher-1.3.jar;C:\Users\viktor.bibik\.m2\repository\org\sonatype\plexus\plexus-cipher\1.4\plexus-cipher-1.4.jar;C:\Users\viktor.bibik\.m2\repository\org\apache\maven\maven-model\3.2.5\maven-model-3.2.5.jar;C:\Users\viktor.bibik\.m2\repository\org\apache\maven\maven-plugin-api\3.2.5\maven-plugin-api-3.2.5.jar;C:\Users\viktor.bibik\.m2\repository\org\apache\maven\maven-settings\3.2.5\maven-settings-3.2.5.jar;C:\Users\viktor.bibik\.m2\repository\org\apache\maven\maven-settings-builder\3.2.5\maven-settings-builder-3.2.5.jar;C:\Users\viktor.bibik\.m2\repository\org\slf4j\slf4j-api\1.7.36\slf4j-api-1.7.36.jar;C:\Users\viktor.bibik\.m2\repository\javax\inject\javax.inject\1\javax.inject-1.jar;C:\Users\viktor.bibik\.m2\repository\org\eclipse\aether\aether-api\1.0.0.v20140518\aether-api-1.0.0.v20140518.jar;C:\Users\viktor.bibik\.m2\repository\org\codehaus\plexus\plexus-classworlds\2.6.0\plexus-classworlds-2.6.0.jar;C:\Users\viktor.bibik\.m2\repository\org\apache\maven\shared\maven-shared-utils\3.3.4\maven-shared-utils-3.3.4.jar;C:\Users\viktor.bibik\.m2\repository\commons-io\commons-io\2.6\commons-io-2.6.jar;C:\Users\viktor.bibik\.m2\repository\org\apache\maven\maven-archiver\3.6.0\maven-archiver-3.6.0.jar;C:\Users\viktor.bibik\.m2\repository\org\codehaus\plexus\plexus-io\3.4.0\plexus-io-3.4.0.jar;C:\Users\viktor.bibik\.m2\repository\org\codehaus\plexus\plexus-interpolation\1.26\plexus-interpolation-1.26.jar;C:\Users\viktor.bibik\.m2\repository\org\codehaus\plexus\plexus-archiver\4.6.1\plexus-archiver-4.6.1.jar;C:\Users\viktor.bibik\.m2\repository\org\apache\commons\commons-compress\1.22\commons-compress-1.22.jar;C:\Users\viktor.bibik\.m2\repository\org\iq80\snappy\snappy\0.4\snappy-0.4.jar;C:\Users\viktor.bibik\.m2\repository\org\tukaani\xz\1.9\xz-1.9.jar;C:\Users\viktor.bibik\.m2\repository\com\github\luben\zstd-jni\1.5.2-5\zstd-jni-1.5.2-5.jar;C:\Users\viktor.bibik\.m2\repository\org\codehaus\plexus\plexus-i18n\1.0-beta-10\plexus-i18n-1.0-beta-10.jar;C:\Users\viktor.bibik\.m2\repository\org\codehaus\plexus\plexus-utils\3.5.0\plexus-utils-3.5.0.jar;C:\Users\viktor.bibik\.m2\repository\org\apache\maven\doxia\doxia-sink-api\2.0.0-M5\doxia-sink-api-2.0.0-M5.jar;C:\Users\viktor.bibik\.m2\repository\org\apache\maven\doxia\doxia-core\2.0.0-M5\doxia-core-2.0.0-M5.jar;C:\Users\viktor.bibik\.m2\repository\org\eclipse\sisu\org.eclipse.sisu.plexus\0.3.5\org.eclipse.sisu.plexus-0.3.5.jar;C:\Users\viktor.bibik\.m2\repository\javax\annotation\javax.annotation-api\1.2\javax.annotation-api-1.2.jar;C:\Users\viktor.bibik\.m2\repository\javax\enterprise\cdi-api\1.2\cdi-api-1.2.jar;C:\Users\viktor.bibik\.m2\repository\org\eclipse\sisu\org.eclipse.sisu.inject\0.3.5\org.eclipse.sisu.inject-0.3.5.jar;C:\Users\viktor.bibik\.m2\repository\org\apache\commons\commons-text\1.9\commons-text-1.9.jar;C:\Users\viktor.bibik\.m2\repository\org\apache\maven\doxia\doxia-module-xhtml5\2.0.0-M5\doxia-module-xhtml5-2.0.0-M5.jar;C:\Users\viktor.bibik\.m2\repository\org\apache\maven\doxia\doxia-module-apt\2.0.0-M5\doxia-module-apt-2.0.0-M5.jar;C:\Users\viktor.bibik\.m2\repository\org\apache\maven\doxia\doxia-module-xdoc\2.0.0-M5\doxia-module-xdoc-2.0.0-M5.jar;C:\Users\viktor.bibik\.m2\repository\org\apache\maven\doxia\doxia-module-fml\2.0.0-M5\doxia-module-fml-2.0.0-M5.jar;C:\Users\viktor.bibik\.m2\repository\org\apache\maven\doxia\doxia-module-markdown\2.0.0-M5\doxia-module-markdown-2.0.0-M5.jar;C:\Users\viktor.bibik\.m2\repository\com\vladsch\flexmark\flexmark\0.62.2\flexmark-0.62.2.jar;C:\Users\viktor.bibik\.m2\repository\com\vladsch\flexmark\flexmark-util-ast\0.62.2\flexmark-util-ast-0.62.2.jar;C:\Users\viktor.bibik\.m2\repository\com\vladsch\flexmark\flexmark-util-builder\0.62.2\flexmark-util-builder-0.62.2.jar;C:\Users\viktor.bibik\.m2\repository\com\vladsch\flexmark\flexmark-util-collection\0.62.2\flexmark-util-collection-0.62.2.jar;C:\Users\viktor.bibik\.m2\repository\com\vladsch\flexmark\flexmark-util-data\0.62.2\flexmark-util-data-0.62.2.jar;C:\Users\viktor.bibik\.m2\repository\com\vladsch\flexmark\flexmark-util-dependency\0.62.2\flexmark-util-dependency-0.62.2.jar;C:\Users\viktor.bibik\.m2\repository\com\vladsch\flexmark\flexmark-util-format\0.62.2\flexmark-util-format-0.62.2.jar;C:\Users\viktor.bibik\.m2\repository\com\vladsch\flexmark\flexmark-util-html\0.62.2\flexmark-util-html-0.62.2.jar;C:\Users\viktor.bibik\.m2\repository\com\vladsch\flexmark\flexmark-util-misc\0.62.2\flexmark-util-misc-0.62.2.jar;C:\Users\viktor.bibik\.m2\repository\com\vladsch\flexmark\flexmark-util-sequence\0.62.2\flexmark-util-sequence-0.62.2.jar;C:\Users\viktor.bibik\.m2\repository\com\vladsch\flexmark\flexmark-util-visitor\0.62.2\flexmark-util-visitor-0.62.2.jar;C:\Users\viktor.bibik\.m2\repository\com\vladsch\flexmark\flexmark-util\0.62.2\flexmark-util-0.62.2.jar;C:\Users\viktor.bibik\.m2\repository\com\vladsch\flexmark\flexmark-util-options\0.62.2\flexmark-util-options-0.62.2.jar;C:\Users\viktor.bibik\.m2\repository\com\vladsch\flexmark\flexmark-ext-abbreviation\0.62.2\flexmark-ext-abbreviation-0.62.2.jar;C:\Users\viktor.bibik\.m2\repository\com\vladsch\flexmark\flexmark-ext-autolink\0.62.2\flexmark-ext-autolink-0.62.2.jar;C:\Users\viktor.bibik\.m2\repository\org\nibor\autolink\autolink\0.6.0\autolink-0.6.0.jar;C:\Users\viktor.bibik\.m2\repository\com\vladsch\flexmark\flexmark-ext-definition\0.62.2\flexmark-ext-definition-0.62.2.jar;C:\Users\viktor.bibik\.m2\repository\com\vladsch\flexmark\flexmark-ext-escaped-character\0.62.2\flexmark-ext-escaped-character-0.62.2.jar;C:\Users\viktor.bibik\.m2\repository\com\vladsch\flexmark\flexmark-ext-gfm-strikethrough\0.62.2\flexmark-ext-gfm-strikethrough-0.62.2.jar;C:\Users\viktor.bibik\.m2\repository\com\vladsch\flexmark\flexmark-ext-tables\0.62.2\flexmark-ext-tables-0.62.2.jar;C:\Users\viktor.bibik\.m2\repository\com\vladsch\flexmark\flexmark-ext-typographic\0.62.2\flexmark-ext-typographic-0.62.2.jar;C:\Users\viktor.bibik\.m2\repository\com\vladsch\flexmark\flexmark-ext-wikilink\0.62.2\flexmark-ext-wikilink-0.62.2.jar;C:\Users\viktor.bibik\.m2\repository\org\jetbrains\annotations\15.0\annotations-15.0.jar;C:\Users\viktor.bibik\.m2\repository\org\apache\maven\doxia\doxia-decoration-model\2.0.0-M5\doxia-decoration-model-2.0.0-M5.jar;C:\Users\viktor.bibik\.m2\repository\org\apache\maven\doxia\doxia-site-renderer\2.0.0-M5\doxia-site-renderer-2.0.0-M5.jar;C:\Users\viktor.bibik\.m2\repository\org\apache\maven\doxia\doxia-skin-model\2.0.0-M5\doxia-skin-model-2.0.0-M5.jar;C:\Users\viktor.bibik\.m2\repository\org\codehaus\plexus\plexus-velocity\2.0\plexus-velocity-2.0.jar;C:\Users\viktor.bibik\.m2\repository\org\apache\velocity\velocity-engine-core\2.3\velocity-engine-core-2.3.jar;C:\Users\viktor.bibik\.m2\repository\org\apache\velocity\tools\velocity-tools-generic\3.1\velocity-tools-generic-3.1.jar;C:\Users\viktor.bibik\.m2\repository\commons-beanutils\commons-beanutils\1.9.4\commons-beanutils-1.9.4.jar;C:\Users\viktor.bibik\.m2\repository\commons-logging\commons-logging\1.2\commons-logging-1.2.jar;C:\Users\viktor.bibik\.m2\repository\commons-collections\commons-collections\3.2.2\commons-collections-3.2.2.jar;C:\Users\viktor.bibik\.m2\repository\org\apache\commons\commons-digester3\3.2\commons-digester3-3.2.jar;C:\Users\viktor.bibik\.m2\repository\com\github\cliftonlabs\json-simple\3.0.2\json-simple-3.0.2.jar;C:\Users\viktor.bibik\.m2\repository\org\apache\commons\commons-lang3\3.12.0\commons-lang3-3.12.0.jar;C:\Users\viktor.bibik\.m2\repository\org\apache\maven\doxia\doxia-integration-tools\2.0.0-M5\doxia-integration-tools-2.0.0-M5.jar;C:\Users\viktor.bibik\.m2\repository\org\eclipse\jetty\jetty-server\9.4.50.v20221201\jetty-server-9.4.50.v20221201.jar;C:\Users\viktor.bibik\.m2\repository\javax\servlet\javax.servlet-api\3.1.0\javax.servlet-api-3.1.0.jar;C:\Users\viktor.bibik\.m2\repository\org\eclipse\jetty\jetty-io\9.4.50.v20221201\jetty-io-9.4.50.v20221201.jar;C:\Users\viktor.bibik\.m2\repository\org\eclipse\jetty\jetty-http\9.4.50.v20221201\jetty-http-9.4.50.v20221201.jar;C:\Users\viktor.bibik\.m2\repository\org\eclipse\jetty\jetty-servlet\9.4.50.v20221201\jetty-servlet-9.4.50.v20221201.jar;C:\Users\viktor.bibik\.m2\repository\org\eclipse\jetty\jetty-security\9.4.50.v20221201\jetty-security-9.4.50.v20221201.jar;C:\Users\viktor.bibik\.m2\repository\org\eclipse\jetty\jetty-util-ajax\9.4.50.v20221201\jetty-util-ajax-9.4.50.v20221201.jar;C:\Users\viktor.bibik\.m2\repository\org\eclipse\jetty\jetty-webapp\9.4.50.v20221201\jetty-webapp-9.4.50.v20221201.jar;C:\Users\viktor.bibik\.m2\repository\org\eclipse\jetty\jetty-xml\9.4.50.v20221201\jetty-xml-9.4.50.v20221201.jar;C:\Users\viktor.bibik\.m2\repository\org\eclipse\jetty\jetty-util\9.4.50.v20221201\jetty-util-9.4.50.v20221201.jar;C:\Users\viktor.bibik\.m2\repository\org\apache\maven\plugins\maven-deploy-plugin\3.1.0\maven-deploy-plugin-3.1.0.jar;C:\Users\viktor.bibik\.m2\repository\org\eclipse\aether\aether-util\1.0.0.v20140518\aether-util-1.0.0.v20140518.jar;"/>
    <property name="sun.cpu.endian" value="little"/>
    <property name="user.home" value="C:\Users\viktor.bibik"/>
    <property name="user.language" value="ru"/>
    <property name="java.specification.vendor" value="Oracle Corporation"/>
    <property name="java.version.date" value="2023-01-17"/>
    <property name="java.home" value="C:\Program Files\Java\jdk-19"/>
    <property name="file.separator" value="\"/>
    <property name="basedir" value="C:\Users\viktor.bibik\IdeaProjects\Hilley\Group_21.10.2022\HomeWorks\HW_22"/>
    <property name="java.vm.compressedOopsMode" value="Zero based"/>
    <property name="line.separator" value="&#10;"/>
    <property name="java.vm.specification.vendor" value="Oracle Corporation"/>
    <property name="java.specification.name" value="Java Platform API Specification"/>
    <property name="surefire.real.class.path" value="C:\Users\viktor.bibik\AppData\Local\Temp\surefire265104077093519770\surefirebooter-20230225232155080_3.jar"/>
    <property name="user.script" value=""/>
    <property name="sun.management.compiler" value="HotSpot 64-Bit Tiered Compilers"/>
    <property name="java.runtime.version" value="19.0.2+7-44"/>
    <property name="user.name" value="Viktor.Bibik"/>
    <property name="stdout.encoding" value="Cp1251"/>
    <property name="path.separator" value=";"/>
    <property name="os.version" value="10.0"/>
    <property name="java.runtime.name" value="Java(TM) SE Runtime Environment"/>
    <property name="file.encoding" value="UTF-8"/>
    <property name="java.vm.name" value="Java HotSpot(TM) 64-Bit Server VM"/>
    <property name="localRepository" value="C:\Users\viktor.bibik\.m2\repository"/>
    <property name="java.vendor.url.bug" value="https://bugreport.java.com/bugreport/"/>
    <property name="java.io.tmpdir" value="C:\Users\VIKTOR~1.BIB\AppData\Local\Temp\"/>
    <property name="java.version" value="19.0.2"/>
    <property name="user.dir" value="C:\Users\viktor.bibik\IdeaProjects\Hilley\Group_21.10.2022\HomeWorks\HW_22"/>
    <property name="os.arch" value="amd64"/>
    <property name="java.vm.specification.name" value="Java Virtual Machine Specification"/>
    <property name="user.language.format" value="uk"/>
    <property name="sun.os.patch.level" value=""/>
    <property name="native.encoding" value="Cp1251"/>
    <property name="java.library.path" value="C:\Program Files\Java\jdk-19\bin;C:\Windows\Sun\Java\bin;C:\Windows\system32;C:\Windows;C:\Program Files\Common Files\Oracle\Java\javapath;C:\Program Files (x86)\NVIDIA Corporation\PhysX\Common;C:\Program Files\Microsoft MPI\Bin\;C:\Program Files (x86)\Common Files\Oracle\Java\javapath;C:\Windows\system32;C:\Windows;C:\Windows\System32\Wbem;C:\Windows\System32\WindowsPowerShell\v1.0\;C:\Windows\System32\OpenSSH\;C:\Program Files\Microsoft Data Protection Manager\DPM\bin\VDDK\bin\;C:\Program Files (x86)\Sennheiser\SoftphoneSDK\;C:\ProgramData\Tricerat\Plugins\ScrewDrivers\x32\;C:\ProgramData\Tricerat\Plugins\ScrewDrivers\x64\;C:\Program Files\Java\jdk-19\bin;C:\dev\apache-maven-3.6.3-bin\apache-maven-3.6.3\bin;C:\Program Files\nodejs\;C:\Program Files (x86)\Microsoft SQL Server\150\Tools\Binn\;C:\Program Files\Microsoft SQL Server\150\Tools\Binn\;C:\Program Files (x86)\Microsoft SQL Server\150\DTS\Binn\;C:\Program Files\Microsoft SQL Server\150\DTS\Binn\;C:\Program Files\Microsoft SQL Server\Client SDK\ODBC\170\Tools\Binn\;C:\Program Files\Azure Data Studio\bin;C:\Program Files\Git\cmd;C:\dev\apache-maven-3.8.4\bin;C:\dev\scala3-3.2.0\scala3-3.2.0\bin;;C:\Program Files\Docker\Docker\resources\bin;C:\Program Files\MySQL\MySQL Shell 8.0\bin\;C:\Users\viktor.bibik\AppData\Local\Microsoft\WindowsApps;C:\Users\viktor.bibik\AppData\Roaming\npm;C:\Program Files\Azure Data Studio\bin;C:\Users\viktor.bibik\AppData\Local\Coursier\data\bin;;."/>
    <property name="java.vm.info" value="mixed mode, sharing"/>
    <property name="stderr.encoding" value="Cp1251"/>
    <property name="java.vendor" value="Oracle Corporation"/>
    <property name="java.vm.version" value="19.0.2+7-44"/>
    <property name="sun.io.unicode.encoding" value="UnicodeLittle"/>
    <property name="java.class.version" value="63.0"/>
  </properties>
  <testcase name="subtract_success" classname="meth.actions.MathActionsTest" time="0.027"/>
  <testcase name="max_success" classname="meth.actions.MathActionsTest" time="0.003"/>
  <testcase name="divide_success" classname="meth.actions.MathActionsTest" time="0.001"/>
  <testcase name="sum_success" classname="meth.actions.MathActionsTest" time="0.002"/>
  <testcase name="multiply_success" classname="meth.actions.MathActionsTest" time="0.001"/>
  <testcase name="min_success" classname="meth.actions.MathActionsTest" time="0.002"/>
</testsuite>